<?xml version="1.0" encoding="UTF-8"?>
<!-- Generated by org.testng.reporters.JUnitXMLReporter -->
<testsuite ignored="0" hostname="IN-HGSM2J3" failures="0" tests="4" name="Default test" time="48.366" errors="0" timestamp="14 Jul 2022 05:31:12 GMT">
  <testcase classname="com.ExitTestFlipkart.tests.FirstLoginThenOtherOperation" name="logout" time="9.157"/>
  <testcase classname="com.ExitTestFlipkart.tests.FirstLoginThenOtherOperation" name="visitMyProfile" time="5.069"/>
  <testcase classname="com.ExitTestFlipkart.tests.FirstLoginThenOtherOperation" name="superCoinZone" time="5.832"/>
  <testcase classname="com.ExitTestFlipkart.tests.FirstLoginThenOtherOperation" name="clickMyProfileThenMyCupons" time="4.067"/>
</testsuite> <!-- Default test -->
