<?xml version="1.0" encoding="UTF-8"?>
<!-- Generated by org.testng.reporters.JUnitXMLReporter -->
<testsuite ignored="1" hostname="IN-HGSM2J3" failures="0" tests="1" name="Default test" time="5.747" errors="0" timestamp="14 Jul 2022 13:59:33 GMT">
  <testcase classname="com.ExitTestFlipkart.tests.MoreOptionTest" name="NotificationPreference" time="0.019">
    <skipped/>
  </testcase> <!-- NotificationPreference -->
  <testcase classname="com.ExitTestFlipkart.tests.MoreOptionTest" name="customerService" time="0.0">
    <ignored/>
  </testcase> <!-- customerService -->
</testsuite> <!-- Default test -->
