<?xml version="1.0" encoding="UTF-8"?>
<!-- Generated by org.testng.reporters.JUnitXMLReporter -->
<testsuite ignored="0" hostname="IN-HGSM2J3" failures="0" tests="4" name="Test" time="49.323" errors="0" timestamp="14 Jul 2022 08:47:22 GMT">
  <testcase classname="com.ExitTestFlipkart.tests.FirstLoginThenOtherOperation" name="logout" time="8.715"/>
  <testcase classname="com.ExitTestFlipkart.tests.FirstLoginThenOtherOperation" name="visitMyProfile" time="4.453"/>
  <testcase classname="com.ExitTestFlipkart.tests.FirstLoginThenOtherOperation" name="superCoinZone" time="5.441"/>
  <testcase classname="com.ExitTestFlipkart.tests.FirstLoginThenOtherOperation" name="clickMyProfileThenMyCupons" time="3.822"/>
</testsuite> <!-- Test -->
